# JRE version: Java(TM) SE Runtime Environment (8.0_231-b11) (build 1.8.0_231-b11)
# Java VM: Java HotSpot(TM) 64-Bit Server VM (25.231-b11 mixed mode bsd-amd64 compressed oops)
Heap:
 PSYoungGen      total 32256K, used 5757K [0x00000007bab00000, 0x00000007bd400000, 0x00000007c0000000)
  eden space 23552K, 1% used [0x00000007bab00000,0x00000007bab71550,0x00000007bc200000)
  from space 8704K, 60% used [0x00000007bcb80000,0x00000007bd0ae1d8,0x00000007bd400000)
  to   space 9216K, 0% used [0x00000007bc200000,0x00000007bc200000,0x00000007bcb00000)
 ParOldGen       total 101376K, used 86838K [0x00000007b0000000, 0x00000007b6300000, 0x00000007bab00000)
  object space 101376K, 85% used [0x00000007b0000000,0x00000007b54cd908,0x00000007b6300000)
 Metaspace       used 48555K, capacity 51846K, committed 52352K, reserved 1093632K
  class space    used 6719K, capacity 7685K, committed 7808K, reserved 1048576K
GC Heap History (10 events):
Event: 39222.574 GC heap before
{Heap before GC invocations=123 (full 9):
 PSYoungGen      total 31232K, used 31222K [0x00000007bab00000, 0x00000007bd900000, 0x00000007c0000000)
  eden space 25600K, 100% used [0x00000007bab00000,0x00000007bc400000,0x00000007bc400000)
  from space 5632K, 99% used [0x00000007bc480000,0x00000007bc9fd898,0x00000007bca00000)
  to   space 10752K, 0% used [0x00000007bce80000,0x00000007bce80000,0x00000007bd900000)
 ParOldGen       total 101376K, used 86662K [0x00000007b0000000, 0x00000007b6300000, 0x00000007bab00000)
  object space 101376K, 85% used [0x00000007b0000000,0x00000007b54a1908,0x00000007b6300000)
 Metaspace       used 48551K, capacity 51846K, committed 52352K, reserved 1093632K
  class space    used 6719K, capacity 7685K, committed 7808K, reserved 1048576K
Event: 39222.580 GC heap after
Heap after GC invocations=123 (full 9):
 PSYoungGen      total 34304K, used 5336K [0x00000007bab00000, 0x00000007bd780000, 0x00000007c0000000)
  eden space 25088K, 0% used [0x00000007bab00000,0x00000007bab00000,0x00000007bc380000)
  from space 9216K, 57% used [0x00000007bce80000,0x00000007bd3b61d8,0x00000007bd780000)
  to   space 10240K, 0% used [0x00000007bc380000,0x00000007bc380000,0x00000007bcd80000)
 ParOldGen       total 101376K, used 86670K [0x00000007b0000000, 0x00000007b6300000, 0x00000007bab00000)
  object space 101376K, 85% used [0x00000007b0000000,0x00000007b54a3908,0x00000007b6300000)
 Metaspace       used 48551K, capacity 51846K, committed 52352K, reserved 1093632K
  class space    used 6719K, capacity 7685K, committed 7808K, reserved 1048576K
}
Event: 40066.102 GC heap before
{Heap before GC invocations=124 (full 9):
 PSYoungGen      total 34304K, used 30424K [0x00000007bab00000, 0x00000007bd780000, 0x00000007c0000000)
  eden space 25088K, 100% used [0x00000007bab00000,0x00000007bc380000,0x00000007bc380000)
  from space 9216K, 57% used [0x00000007bce80000,0x00000007bd3b61d8,0x00000007bd780000)
  to   space 10240K, 0% used [0x00000007bc380000,0x00000007bc380000,0x00000007bcd80000)
 ParOldGen       total 101376K, used 86670K [0x00000007b0000000, 0x00000007b6300000, 0x00000007bab00000)
  object space 101376K, 85% used [0x00000007b0000000,0x00000007b54a3908,0x00000007b6300000)
 Metaspace       used 48551K, capacity 51846K, committed 52352K, reserved 1093632K
  class space    used 6719K, capacity 7685K, committed 7808K, reserved 1048576K
Event: 40066.105 GC heap after
Heap after GC invocations=124 (full 9):
 PSYoungGen      total 30208K, used 5304K [0x00000007bab00000, 0x00000007bd700000, 0x00000007c0000000)
  eden space 24576K, 0% used [0x00000007bab00000,0x00000007bab00000,0x00000007bc300000)
  from space 5632K, 94% used [0x00000007bc380000,0x00000007bc8ae1d8,0x00000007bc900000)
  to   space 10240K, 0% used [0x00000007bcd00000,0x00000007bcd00000,0x00000007bd700000)
 ParOldGen       total 101376K, used 86670K [0x00000007b0000000, 0x00000007b6300000, 0x00000007bab00000)
  object space 101376K, 85% used [0x00000007b0000000,0x00000007b54a3908,0x00000007b6300000)
 Metaspace       used 48551K, capacity 51846K, committed 52352K, reserved 1093632K
  class space    used 6719K, capacity 7685K, committed 7808K, reserved 1048576K
}
Event: 40888.779 GC heap before
{Heap before GC invocations=125 (full 9):
 PSYoungGen      total 30208K, used 29880K [0x00000007bab00000, 0x00000007bd700000, 0x00000007c0000000)
  eden space 24576K, 100% used [0x00000007bab00000,0x00000007bc300000,0x00000007bc300000)
  from space 5632K, 94% used [0x00000007bc380000,0x00000007bc8ae1d8,0x00000007bc900000)
  to   space 10240K, 0% used [0x00000007bcd00000,0x00000007bcd00000,0x00000007bd700000)
 ParOldGen       total 101376K, used 86670K [0x00000007b0000000, 0x00000007b6300000, 0x00000007bab00000)
  object space 101376K, 85% used [0x00000007b0000000,0x00000007b54a3908,0x00000007b6300000)
 Metaspace       used 48552K, capacity 51846K, committed 52352K, reserved 1093632K
  class space    used 6719K, capacity 7685K, committed 7808K, reserved 1048576K
Event: 40888.784 GC heap after
Heap after GC invocations=125 (full 9):
 PSYoungGen      total 32768K, used 5304K [0x00000007bab00000, 0x00000007bd580000, 0x00000007c0000000)
  eden space 24064K, 0% used [0x00000007bab00000,0x00000007bab00000,0x00000007bc280000)
  from space 8704K, 60% used [0x00000007bcd00000,0x00000007bd22e1d8,0x00000007bd580000)
  to   space 9728K, 0% used [0x00000007bc280000,0x00000007bc280000,0x00000007bcc00000)
 ParOldGen       total 101376K, used 86694K [0x00000007b0000000, 0x00000007b6300000, 0x00000007bab00000)
  object space 101376K, 85% used [0x00000007b0000000,0x00000007b54a9908,0x00000007b6300000)
 Metaspace       used 48552K, capacity 51846K, committed 52352K, reserved 1093632K
  class space    used 6719K, capacity 7685K, committed 7808K, reserved 1048576K
}
Event: 41683.370 GC heap before
{Heap before GC invocations=126 (full 9):
 PSYoungGen      total 32768K, used 29368K [0x00000007bab00000, 0x00000007bd580000, 0x00000007c0000000)
  eden space 24064K, 100% used [0x00000007bab00000,0x00000007bc280000,0x00000007bc280000)
  from space 8704K, 60% used [0x00000007bcd00000,0x00000007bd22e1d8,0x00000007bd580000)
  to   space 9728K, 0% used [0x00000007bc280000,0x00000007bc280000,0x00000007bcc00000)
 ParOldGen       total 101376K, used 86694K [0x00000007b0000000, 0x00000007b6300000, 0x00000007bab00000)
  object space 101376K, 85% used [0x00000007b0000000,0x00000007b54a9908,0x00000007b6300000)
 Metaspace       used 48552K, capacity 51846K, committed 52352K, reserved 1093632K
  class space    used 6719K, capacity 7685K, committed 7808K, reserved 1048576K
Event: 41683.403 GC heap after
Heap after GC invocations=126 (full 9):
 PSYoungGen      total 29184K, used 5272K [0x00000007bab00000, 0x00000007bd500000, 0x00000007c0000000)
  eden space 23552K, 0% used [0x00000007bab00000,0x00000007bab00000,0x00000007bc200000)
  from space 5632K, 93% used [0x00000007bc280000,0x00000007bc7a61d8,0x00000007bc800000)
  to   space 9728K, 0% used [0x00000007bcb80000,0x00000007bcb80000,0x00000007bd500000)
 ParOldGen       total 101376K, used 86758K [0x00000007b0000000, 0x00000007b6300000, 0x00000007bab00000)
  object space 101376K, 85% used [0x00000007b0000000,0x00000007b54b9908,0x00000007b6300000)
 Metaspace       used 48552K, capacity 51846K, committed 52352K, reserved 1093632K
  class space    used 6719K, capacity 7685K, committed 7808K, reserved 1048576K
}
Event: 42471.077 GC heap before
{Heap before GC invocations=127 (full 9):
 PSYoungGen      total 29184K, used 28824K [0x00000007bab00000, 0x00000007bd500000, 0x00000007c0000000)
  eden space 23552K, 100% used [0x00000007bab00000,0x00000007bc200000,0x00000007bc200000)
  from space 5632K, 93% used [0x00000007bc280000,0x00000007bc7a61d8,0x00000007bc800000)
  to   space 9728K, 0% used [0x00000007bcb80000,0x00000007bcb80000,0x00000007bd500000)
 ParOldGen       total 101376K, used 86758K [0x00000007b0000000, 0x00000007b6300000, 0x00000007bab00000)
  object space 101376K, 85% used [0x00000007b0000000,0x00000007b54b9908,0x00000007b6300000)
 Metaspace       used 48555K, capacity 51846K, committed 52352K, reserved 1093632K
  class space    used 6719K, capacity 7685K, committed 7808K, reserved 1048576K
Event: 42471.081 GC heap after
Heap after GC invocations=127 (full 9):
 PSYoungGen      total 32256K, used 5304K [0x00000007bab00000, 0x00000007bd400000, 0x00000007c0000000)
  eden space 23552K, 0% used [0x00000007bab00000,0x00000007bab00000,0x00000007bc200000)
  from space 8704K, 60% used [0x00000007bcb80000,0x00000007bd0ae1d8,0x00000007bd400000)
  to   space 9216K, 0% used [0x00000007bc200000,0x00000007bc200000,0x00000007bcb00000)
 ParOldGen       total 101376K, used 86838K [0x00000007b0000000, 0x00000007b6300000, 0x00000007bab00000)
  object space 101376K, 85% used [0x00000007b0000000,0x00000007b54cd908,0x00000007b6300000)
 Metaspace       used 48555K, capacity 51846K, committed 52352K, reserved 1093632K
  class space    used 6719K, capacity 7685K, committed 7808K, reserved 1048576K
}

